TN:
SF:/Users/Sam/project/r2/web_modules/r2-cli/bin/libs/Basic.js
FN:15,(anonymous_0)
FN:23,(anonymous_1)
FN:28,(anonymous_2)
FN:37,(anonymous_3)
FNF:4
FNH:3
FNDA:9,(anonymous_0)
FNDA:9,(anonymous_1)
FNDA:0,(anonymous_2)
FNDA:5,(anonymous_3)
DA:4,1
DA:5,1
DA:6,1
DA:16,9
DA:17,9
DA:18,9
DA:24,9
DA:25,9
DA:29,0
DA:38,5
DA:39,5
DA:40,0
DA:41,0
DA:43,5
DA:44,5
DA:45,5
DA:46,1
DA:47,1
DA:48,1
DA:51,0
DA:52,0
DA:54,4
DA:58,1
LF:23
LH:18
BRDA:18,0,0,9
BRDA:18,0,1,4
BRDA:18,0,2,4
BRDA:39,1,0,0
BRDA:39,1,1,5
BRDA:45,2,0,1
BRDA:45,2,1,4
BRF:7
BRH:6
end_of_record
TN:
SF:/Users/Sam/project/r2/web_modules/r2-cli/bin/libs/ac.js
FN:11,(anonymous_0)
FN:15,(anonymous_1)
FN:16,(anonymous_2)
FN:33,(anonymous_3)
FN:34,(anonymous_4)
FN:45,(anonymous_5)
FN:55,(anonymous_6)
FN:62,(anonymous_7)
FN:64,(anonymous_8)
FN:66,(anonymous_9)
FN:72,(anonymous_10)
FN:91,(anonymous_11)
FNF:12
FNH:8
FNDA:2,(anonymous_0)
FNDA:2,(anonymous_1)
FNDA:2,(anonymous_2)
FNDA:2,(anonymous_3)
FNDA:2,(anonymous_4)
FNDA:0,(anonymous_5)
FNDA:2,(anonymous_6)
FNDA:0,(anonymous_7)
FNDA:0,(anonymous_8)
FNDA:0,(anonymous_9)
FNDA:2,(anonymous_10)
FNDA:2,(anonymous_11)
DA:3,1
DA:4,1
DA:5,1
DA:6,1
DA:7,1
DA:8,1
DA:12,2
DA:16,2
DA:17,2
DA:22,2
DA:24,2
DA:25,2
DA:26,2
DA:27,2
DA:28,2
DA:30,2
DA:34,2
DA:35,2
DA:36,2
DA:37,2
DA:39,0
DA:46,0
DA:47,0
DA:49,0
DA:50,0
DA:56,2
DA:57,0
DA:62,0
DA:63,0
DA:65,0
DA:67,0
DA:74,2
DA:75,2
DA:78,2
DA:79,0
DA:80,0
DA:83,0
DA:85,2
DA:92,2
DA:93,2
DA:94,2
DA:95,2
DA:96,2
DA:104,2
DA:105,2
DA:113,1
LF:46
LH:33
BRDA:24,0,0,2
BRDA:24,0,1,0
BRDA:35,1,0,2
BRDA:35,1,1,0
BRDA:46,2,0,0
BRDA:46,2,1,0
BRDA:49,3,0,0
BRDA:49,3,1,0
BRDA:56,4,0,0
BRDA:56,4,1,2
BRDA:74,5,0,2
BRDA:74,5,1,0
BRDA:79,6,0,0
BRDA:79,6,1,0
BRF:14
BRH:4
end_of_record
TN:
SF:/Users/Sam/project/r2/web_modules/r2-cli/bin/libs/init.js
FN:9,(anonymous_0)
FN:17,(anonymous_1)
FN:21,(anonymous_2)
FN:53,(anonymous_3)
FN:55,(anonymous_4)
FN:66,(anonymous_5)
FN:89,(anonymous_6)
FNF:7
FNH:7
FNDA:4,(anonymous_0)
FNDA:5,(anonymous_1)
FNDA:83,(anonymous_2)
FNDA:4,(anonymous_3)
FNDA:2,(anonymous_4)
FNDA:3,(anonymous_5)
FNDA:2,(anonymous_6)
DA:3,1
DA:4,1
DA:5,1
DA:6,1
DA:7,1
DA:10,4
DA:18,5
DA:19,5
DA:20,5
DA:21,5
DA:22,83
DA:23,4
DA:24,4
DA:26,79
DA:27,5
DA:29,74
DA:30,5
DA:32,69
DA:33,5
DA:35,64
DA:36,15
DA:38,49
DA:39,0
DA:41,49
DA:44,5
DA:45,1
DA:47,4
DA:54,4
DA:55,4
DA:56,2
DA:60,4
DA:61,1
DA:62,1
DA:64,3
DA:65,3
DA:66,3
DA:68,3
DA:69,3
DA:70,3
DA:72,3
DA:73,3
DA:74,1
DA:75,1
DA:76,2
DA:77,1
DA:78,1
DA:79,1
DA:81,1
DA:86,4
DA:90,2
DA:91,2
DA:92,2
DA:93,2
DA:96,1
LF:54
LH:53
BRDA:22,0,0,4
BRDA:22,0,1,79
BRDA:26,1,0,5
BRDA:26,1,1,74
BRDA:29,2,0,5
BRDA:29,2,1,69
BRDA:32,3,0,5
BRDA:32,3,1,64
BRDA:35,4,0,15
BRDA:35,4,1,49
BRDA:38,5,0,0
BRDA:38,5,1,49
BRDA:44,6,0,1
BRDA:44,6,1,4
BRDA:44,7,0,5
BRDA:44,7,1,5
BRDA:44,7,2,4
BRDA:60,8,0,1
BRDA:60,8,1,3
BRDA:68,9,0,3
BRDA:68,9,1,0
BRDA:72,10,0,0
BRDA:72,10,1,3
BRDA:73,11,0,1
BRDA:73,11,1,2
BRDA:76,12,0,1
BRDA:76,12,1,1
BRF:27
BRH:24
end_of_record
TN:
SF:/Users/Sam/project/r2/web_modules/r2-cli/bin/libs/reset.js
FN:10,(anonymous_0)
FN:14,(anonymous_1)
FN:15,(anonymous_2)
FN:23,(anonymous_3)
FN:42,(anonymous_4)
FN:45,(anonymous_5)
FNF:6
FNH:6
FNDA:3,(anonymous_0)
FNDA:3,(anonymous_1)
FNDA:3,(anonymous_2)
FNDA:4,(anonymous_3)
FNDA:2,(anonymous_4)
FNDA:28,(anonymous_5)
DA:3,1
DA:4,1
DA:5,1
DA:6,1
DA:7,1
DA:11,3
DA:15,3
DA:16,3
DA:19,3
DA:24,4
DA:43,2
DA:44,2
DA:45,2
DA:46,28
DA:50,0
DA:55,1
LF:16
LH:15
BRF:0
BRH:0
end_of_record
TN:
SF:/Users/Sam/project/r2/web_modules/r2-cli/bin/main/libs/script/FindSpecificFileByDir.js
FN:16,(anonymous_0)
FN:24,(anonymous_1)
FN:25,(anonymous_2)
FN:29,(anonymous_3)
FN:44,(anonymous_4)
FN:50,(anonymous_5)
FNF:6
FNH:6
FNDA:4,(anonymous_0)
FNDA:4,(anonymous_1)
FNDA:4,(anonymous_2)
FNDA:20,(anonymous_3)
FNDA:24,(anonymous_4)
FNDA:88,(anonymous_5)
DA:3,1
DA:4,1
DA:17,4
DA:19,4
DA:21,4
DA:22,4
DA:25,4
DA:26,4
DA:28,4
DA:29,4
DA:31,20
DA:32,20
DA:33,8
DA:38,0
DA:45,24
DA:46,0
DA:48,24
DA:49,24
DA:50,24
DA:51,88
DA:52,88
DA:53,88
DA:54,20
DA:55,20
DA:59,0
DA:65,1
LF:26
LH:23
BRDA:32,0,0,8
BRDA:32,0,1,12
BRDA:45,1,0,0
BRDA:45,1,1,24
BRDA:50,2,0,24
BRDA:50,2,1,24
BRDA:53,3,0,20
BRDA:53,3,1,68
BRF:8
BRH:7
end_of_record
TN:
SF:/Users/Sam/project/r2/web_modules/r2-cli/bin/main/libs/script/ReadDirTpl.js
FN:5,(anonymous_0)
FN:14,(anonymous_1)
FN:21,(anonymous_2)
FN:32,(anonymous_3)
FN:37,(anonymous_4)
FN:44,(anonymous_5)
FN:65,(anonymous_6)
FNF:7
FNH:6
FNDA:4,(anonymous_0)
FNDA:0,(anonymous_1)
FNDA:4,(anonymous_2)
FNDA:4,(anonymous_3)
FNDA:8,(anonymous_4)
FNDA:8,(anonymous_5)
FNDA:4,(anonymous_6)
DA:1,1
DA:2,1
DA:6,4
DA:7,4
DA:11,4
DA:15,0
DA:22,4
DA:23,4
DA:24,4
DA:25,4
DA:33,4
DA:34,4
DA:36,4
DA:37,4
DA:38,8
DA:41,4
DA:43,4
DA:44,4
DA:45,8
DA:46,8
DA:48,8
DA:50,4
DA:55,4
DA:57,0
DA:66,4
DA:67,4
DA:68,4
DA:69,4
DA:70,4
DA:71,4
DA:72,4
DA:73,4
DA:75,4
DA:76,4
DA:78,4
DA:79,0
DA:81,4
DA:84,4
DA:85,4
DA:92,4
DA:95,1
LF:41
LH:38
BRDA:6,0,0,0
BRDA:6,0,1,4
BRDA:34,1,0,4
BRDA:34,1,1,0
BRDA:34,2,0,4
BRDA:34,2,1,4
BRDA:73,3,0,4
BRDA:73,3,1,0
BRDA:75,4,0,4
BRDA:75,4,1,0
BRDA:78,5,0,0
BRDA:78,5,1,4
BRF:12
BRH:7
end_of_record
TN:
SF:/Users/Sam/project/r2/web_modules/r2-cli/bin/main/libs/script/getReducers.js
FN:12,(anonymous_0)
FN:20,(anonymous_1)
FN:21,(anonymous_2)
FN:26,(anonymous_3)
FN:54,(anonymous_4)
FN:58,(anonymous_5)
FNF:6
FNH:6
FNDA:2,(anonymous_0)
FNDA:2,(anonymous_1)
FNDA:2,(anonymous_2)
FNDA:2,(anonymous_3)
FNDA:2,(anonymous_4)
FNDA:2,(anonymous_5)
DA:2,1
DA:3,1
DA:13,2
DA:14,2
DA:15,2
DA:16,2
DA:17,2
DA:21,2
DA:22,2
DA:25,2
DA:26,2
DA:27,2
DA:28,2
DA:29,0
DA:30,0
DA:32,2
DA:33,2
DA:34,2
DA:35,2
DA:36,0
DA:37,0
DA:39,2
DA:55,2
DA:56,2
DA:57,2
DA:58,2
DA:59,2
DA:61,2
DA:65,2
DA:69,1
LF:30
LH:26
BRDA:28,0,0,0
BRDA:28,0,1,2
BRDA:35,1,0,0
BRDA:35,1,1,2
BRDA:57,2,0,2
BRDA:57,2,1,0
BRF:6
BRH:3
end_of_record
TN:
SF:/Users/Sam/project/r2/web_modules/r2-cli/bin/main/libs/script/getRoutes.js
FN:12,(anonymous_0)
FN:20,(anonymous_1)
FN:21,(anonymous_2)
FNF:3
FNH:3
FNDA:2,(anonymous_0)
FNDA:2,(anonymous_1)
FNDA:6,(anonymous_2)
DA:2,1
DA:3,1
DA:13,2
DA:14,2
DA:15,2
DA:16,2
DA:17,2
DA:21,2
DA:22,6
DA:23,6
DA:24,6
DA:25,6
DA:26,0
DA:27,0
DA:29,6
DA:30,6
DA:31,6
DA:32,6
DA:33,0
DA:34,0
DA:36,6
DA:46,1
LF:22
LH:18
BRDA:25,0,0,0
BRDA:25,0,1,6
BRDA:32,1,0,0
BRDA:32,1,1,6
BRF:4
BRH:2
end_of_record
TN:
SF:/Users/Sam/project/r2/web_modules/r2-cli/bin/main/script/createReducerFile.js
FN:10,(anonymous_0)
FN:15,(anonymous_1)
FN:30,(anonymous_2)
FN:42,(anonymous_3)
FN:48,(anonymous_4)
FN:55,(anonymous_5)
FNF:6
FNH:6
FNDA:2,(anonymous_0)
FNDA:2,(anonymous_1)
FNDA:2,(anonymous_2)
FNDA:2,(anonymous_3)
FNDA:2,(anonymous_4)
FNDA:2,(anonymous_5)
DA:3,1
DA:4,1
DA:5,1
DA:6,1
DA:7,1
DA:11,2
DA:12,2
DA:16,2
DA:17,2
DA:18,2
DA:19,2
DA:20,2
DA:21,2
DA:22,2
DA:26,0
DA:31,2
DA:34,2
DA:35,2
DA:43,2
DA:44,2
DA:45,2
DA:49,2
DA:50,2
DA:51,2
DA:52,2
DA:53,2
DA:54,2
DA:55,2
DA:56,2
DA:59,2
DA:62,2
DA:63,2
DA:64,2
DA:65,2
DA:70,1
LF:35
LH:34
BRDA:21,0,0,2
BRDA:21,0,1,0
BRF:2
BRH:1
end_of_record
TN:
SF:/Users/Sam/project/r2/web_modules/r2-cli/bin/main/script/createRouteFile.js
FN:10,(anonymous_0)
FN:15,(anonymous_1)
FN:31,(anonymous_2)
FN:43,(anonymous_3)
FN:49,(anonymous_4)
FN:59,(anonymous_5)
FNF:6
FNH:6
FNDA:2,(anonymous_0)
FNDA:2,(anonymous_1)
FNDA:2,(anonymous_2)
FNDA:2,(anonymous_3)
FNDA:2,(anonymous_4)
FNDA:6,(anonymous_5)
DA:3,1
DA:4,1
DA:5,1
DA:6,1
DA:7,1
DA:8,1
DA:11,2
DA:12,2
DA:16,2
DA:17,2
DA:18,2
DA:19,2
DA:20,2
DA:21,2
DA:22,2
DA:27,0
DA:32,2
DA:35,2
DA:36,2
DA:44,2
DA:45,2
DA:46,2
DA:50,2
DA:51,2
DA:52,2
DA:53,2
DA:54,2
DA:55,2
DA:57,2
DA:59,2
DA:60,6
DA:61,6
DA:62,2
DA:63,2
DA:66,0
DA:70,4
DA:71,4
DA:73,4
DA:74,0
DA:76,4
DA:77,4
DA:79,2
DA:80,2
DA:82,4
DA:85,4
DA:86,4
DA:88,0
DA:93,2
DA:94,2
DA:96,2
DA:97,2
DA:102,1
LF:52
LH:48
BRDA:21,0,0,2
BRDA:21,0,1,0
BRDA:61,1,0,2
BRDA:61,1,1,4
BRDA:62,2,0,2
BRDA:62,2,1,0
BRDA:73,3,0,0
BRDA:73,3,1,4
BRDA:76,4,0,4
BRDA:76,4,1,0
BRDA:77,5,0,2
BRDA:77,5,1,2
BRF:12
BRH:8
end_of_record
