TN:
SF:/Users/Sam/project/r2/web_modules/r2-cli/bin/libs/Basic.js
FN:15,(anonymous_0)
FN:23,(anonymous_1)
FN:28,(anonymous_2)
FN:37,(anonymous_3)
FNF:4
FNH:3
FNDA:11,(anonymous_0)
FNDA:11,(anonymous_1)
FNDA:0,(anonymous_2)
FNDA:7,(anonymous_3)
DA:4,1
DA:5,1
DA:6,1
DA:16,11
DA:17,11
DA:18,11
DA:24,11
DA:25,11
DA:29,0
DA:38,7
DA:39,7
DA:40,0
DA:41,0
DA:43,7
DA:44,7
DA:45,7
DA:46,1
DA:47,1
DA:48,1
DA:51,0
DA:52,0
DA:54,6
DA:58,1
LF:23
LH:18
BRDA:18,0,0,11
BRDA:18,0,1,6
BRDA:18,0,2,6
BRDA:39,1,0,0
BRDA:39,1,1,7
BRDA:45,2,0,1
BRDA:45,2,1,6
BRF:7
BRH:6
end_of_record
TN:
SF:/Users/Sam/project/r2/web_modules/r2-cli/bin/libs/ac.js
FN:11,(anonymous_0)
FN:15,(anonymous_1)
FN:16,(anonymous_2)
FN:34,(anonymous_3)
FN:35,(anonymous_4)
FN:46,(anonymous_5)
FN:56,(anonymous_6)
FN:63,(anonymous_7)
FN:65,(anonymous_8)
FN:67,(anonymous_9)
FN:73,(anonymous_10)
FN:92,(anonymous_11)
FNF:12
FNH:8
FNDA:4,(anonymous_0)
FNDA:4,(anonymous_1)
FNDA:4,(anonymous_2)
FNDA:4,(anonymous_3)
FNDA:4,(anonymous_4)
FNDA:0,(anonymous_5)
FNDA:4,(anonymous_6)
FNDA:0,(anonymous_7)
FNDA:0,(anonymous_8)
FNDA:0,(anonymous_9)
FNDA:6,(anonymous_10)
FNDA:4,(anonymous_11)
DA:3,1
DA:4,1
DA:5,1
DA:6,1
DA:7,1
DA:8,1
DA:12,4
DA:16,4
DA:17,4
DA:23,4
DA:25,4
DA:26,4
DA:27,4
DA:28,4
DA:29,4
DA:31,4
DA:35,4
DA:36,4
DA:37,4
DA:38,4
DA:40,0
DA:47,0
DA:48,0
DA:50,0
DA:51,0
DA:57,4
DA:58,0
DA:63,0
DA:64,0
DA:66,0
DA:68,0
DA:75,6
DA:76,4
DA:79,4
DA:80,2
DA:81,2
DA:84,2
DA:86,6
DA:93,4
DA:94,4
DA:95,4
DA:96,4
DA:97,4
DA:105,4
DA:106,4
DA:114,1
LF:46
LH:36
BRDA:25,0,0,4
BRDA:25,0,1,0
BRDA:36,1,0,4
BRDA:36,1,1,0
BRDA:47,2,0,0
BRDA:47,2,1,0
BRDA:50,3,0,0
BRDA:50,3,1,0
BRDA:57,4,0,0
BRDA:57,4,1,4
BRDA:75,5,0,4
BRDA:75,5,1,2
BRDA:80,6,0,2
BRDA:80,6,1,0
BRF:14
BRH:6
end_of_record
TN:
SF:/Users/Sam/project/r2/web_modules/r2-cli/bin/libs/init.js
FN:9,(anonymous_0)
FN:17,(anonymous_1)
FN:21,(anonymous_2)
FN:53,(anonymous_3)
FN:55,(anonymous_4)
FN:66,(anonymous_5)
FN:89,(anonymous_6)
FNF:7
FNH:7
FNDA:4,(anonymous_0)
FNDA:5,(anonymous_1)
FNDA:88,(anonymous_2)
FNDA:4,(anonymous_3)
FNDA:2,(anonymous_4)
FNDA:3,(anonymous_5)
FNDA:2,(anonymous_6)
DA:3,1
DA:4,1
DA:5,1
DA:6,1
DA:7,1
DA:10,4
DA:18,5
DA:19,5
DA:20,5
DA:21,5
DA:22,88
DA:23,4
DA:24,4
DA:26,84
DA:27,5
DA:29,79
DA:30,5
DA:32,74
DA:33,5
DA:35,69
DA:36,20
DA:38,49
DA:39,0
DA:41,49
DA:44,5
DA:45,1
DA:47,4
DA:54,4
DA:55,4
DA:56,2
DA:60,4
DA:61,1
DA:62,1
DA:64,3
DA:65,3
DA:66,3
DA:68,3
DA:69,3
DA:70,3
DA:72,3
DA:73,3
DA:74,1
DA:75,1
DA:76,2
DA:77,1
DA:78,1
DA:79,1
DA:81,1
DA:86,4
DA:90,2
DA:91,2
DA:92,2
DA:93,2
DA:96,1
LF:54
LH:53
BRDA:22,0,0,4
BRDA:22,0,1,84
BRDA:26,1,0,5
BRDA:26,1,1,79
BRDA:29,2,0,5
BRDA:29,2,1,74
BRDA:32,3,0,5
BRDA:32,3,1,69
BRDA:35,4,0,20
BRDA:35,4,1,49
BRDA:38,5,0,0
BRDA:38,5,1,49
BRDA:44,6,0,1
BRDA:44,6,1,4
BRDA:44,7,0,5
BRDA:44,7,1,5
BRDA:44,7,2,4
BRDA:60,8,0,1
BRDA:60,8,1,3
BRDA:68,9,0,3
BRDA:68,9,1,0
BRDA:72,10,0,0
BRDA:72,10,1,3
BRDA:73,11,0,1
BRDA:73,11,1,2
BRDA:76,12,0,1
BRDA:76,12,1,1
BRF:27
BRH:24
end_of_record
TN:
SF:/Users/Sam/project/r2/web_modules/r2-cli/bin/libs/reset.js
FN:10,(anonymous_0)
FN:14,(anonymous_1)
FN:15,(anonymous_2)
FN:23,(anonymous_3)
FN:42,(anonymous_4)
FN:45,(anonymous_5)
FNF:6
FNH:6
FNDA:3,(anonymous_0)
FNDA:3,(anonymous_1)
FNDA:3,(anonymous_2)
FNDA:4,(anonymous_3)
FNDA:2,(anonymous_4)
FNDA:28,(anonymous_5)
DA:3,1
DA:4,1
DA:5,1
DA:6,1
DA:7,1
DA:11,3
DA:15,3
DA:16,3
DA:19,3
DA:24,4
DA:43,2
DA:44,2
DA:45,2
DA:46,28
DA:50,0
DA:55,1
LF:16
LH:15
BRF:0
BRH:0
end_of_record
TN:
SF:/Users/Sam/project/r2/web_modules/r2-cli/bin/main/libs/script/FindSpecificFileByDir.js
FN:16,(anonymous_0)
FN:24,(anonymous_1)
FN:25,(anonymous_2)
FN:29,(anonymous_3)
FN:44,(anonymous_4)
FN:50,(anonymous_5)
FNF:6
FNH:6
FNDA:8,(anonymous_0)
FNDA:8,(anonymous_1)
FNDA:8,(anonymous_2)
FNDA:58,(anonymous_3)
FNDA:66,(anonymous_4)
FNDA:220,(anonymous_5)
DA:3,1
DA:4,1
DA:17,8
DA:19,8
DA:21,8
DA:22,8
DA:25,8
DA:26,8
DA:28,8
DA:29,8
DA:31,58
DA:32,58
DA:33,20
DA:38,0
DA:45,66
DA:46,0
DA:48,66
DA:49,66
DA:50,66
DA:51,220
DA:52,220
DA:53,220
DA:54,58
DA:55,58
DA:59,0
DA:65,1
LF:26
LH:23
BRDA:32,0,0,20
BRDA:32,0,1,38
BRDA:45,1,0,0
BRDA:45,1,1,66
BRDA:50,2,0,66
BRDA:50,2,1,66
BRDA:53,3,0,58
BRDA:53,3,1,162
BRF:8
BRH:7
end_of_record
TN:
SF:/Users/Sam/project/r2/web_modules/r2-cli/bin/main/libs/script/ReadDirTpl.js
FN:5,(anonymous_0)
FN:14,(anonymous_1)
FN:21,(anonymous_2)
FN:32,(anonymous_3)
FN:37,(anonymous_4)
FN:44,(anonymous_5)
FN:65,(anonymous_6)
FNF:7
FNH:6
FNDA:8,(anonymous_0)
FNDA:0,(anonymous_1)
FNDA:8,(anonymous_2)
FNDA:8,(anonymous_3)
FNDA:16,(anonymous_4)
FNDA:16,(anonymous_5)
FNDA:8,(anonymous_6)
DA:1,1
DA:2,1
DA:6,8
DA:7,8
DA:11,8
DA:15,0
DA:22,8
DA:23,8
DA:24,8
DA:25,8
DA:33,8
DA:34,8
DA:36,8
DA:37,8
DA:38,16
DA:41,8
DA:43,8
DA:44,8
DA:45,16
DA:46,16
DA:48,16
DA:50,8
DA:55,8
DA:57,0
DA:66,8
DA:67,8
DA:68,8
DA:69,8
DA:70,8
DA:71,8
DA:72,8
DA:73,8
DA:75,8
DA:76,8
DA:78,8
DA:79,0
DA:81,8
DA:84,8
DA:85,8
DA:92,8
DA:95,1
LF:41
LH:38
BRDA:6,0,0,0
BRDA:6,0,1,8
BRDA:34,1,0,8
BRDA:34,1,1,0
BRDA:34,2,0,8
BRDA:34,2,1,8
BRDA:73,3,0,8
BRDA:73,3,1,0
BRDA:75,4,0,8
BRDA:75,4,1,0
BRDA:78,5,0,0
BRDA:78,5,1,8
BRF:12
BRH:7
end_of_record
TN:
SF:/Users/Sam/project/r2/web_modules/r2-cli/bin/main/libs/script/getReducers.js
FN:12,(anonymous_0)
FN:20,(anonymous_1)
FN:21,(anonymous_2)
FN:26,(anonymous_3)
FN:54,(anonymous_4)
FN:58,(anonymous_5)
FNF:6
FNH:6
FNDA:4,(anonymous_0)
FNDA:4,(anonymous_1)
FNDA:6,(anonymous_2)
FNDA:6,(anonymous_3)
FNDA:6,(anonymous_4)
FNDA:6,(anonymous_5)
DA:2,1
DA:3,1
DA:13,4
DA:14,4
DA:15,4
DA:16,4
DA:17,4
DA:21,4
DA:22,6
DA:25,6
DA:26,6
DA:27,6
DA:28,6
DA:29,0
DA:30,0
DA:32,6
DA:33,6
DA:34,6
DA:35,6
DA:36,0
DA:37,0
DA:39,6
DA:55,6
DA:56,6
DA:57,6
DA:58,6
DA:59,6
DA:61,6
DA:65,6
DA:69,1
LF:30
LH:26
BRDA:28,0,0,0
BRDA:28,0,1,6
BRDA:35,1,0,0
BRDA:35,1,1,6
BRDA:57,2,0,6
BRDA:57,2,1,0
BRF:6
BRH:3
end_of_record
TN:
SF:/Users/Sam/project/r2/web_modules/r2-cli/bin/main/libs/script/getRoutes.js
FN:12,(anonymous_0)
FN:20,(anonymous_1)
FN:21,(anonymous_2)
FNF:3
FNH:3
FNDA:4,(anonymous_0)
FNDA:4,(anonymous_1)
FNDA:14,(anonymous_2)
DA:2,1
DA:3,1
DA:13,4
DA:14,4
DA:15,4
DA:16,4
DA:17,4
DA:21,4
DA:22,14
DA:23,14
DA:24,14
DA:25,14
DA:26,0
DA:27,0
DA:29,14
DA:30,14
DA:31,14
DA:32,14
DA:33,0
DA:34,0
DA:36,14
DA:46,1
LF:22
LH:18
BRDA:25,0,0,0
BRDA:25,0,1,14
BRDA:32,1,0,0
BRDA:32,1,1,14
BRF:4
BRH:2
end_of_record
TN:
SF:/Users/Sam/project/r2/web_modules/r2-cli/bin/main/script/createReducerFile.js
FN:10,(anonymous_0)
FN:15,(anonymous_1)
FN:30,(anonymous_2)
FN:42,(anonymous_3)
FN:48,(anonymous_4)
FN:55,(anonymous_5)
FNF:6
FNH:6
FNDA:4,(anonymous_0)
FNDA:4,(anonymous_1)
FNDA:4,(anonymous_2)
FNDA:4,(anonymous_3)
FNDA:4,(anonymous_4)
FNDA:6,(anonymous_5)
DA:3,1
DA:4,1
DA:5,1
DA:6,1
DA:7,1
DA:11,4
DA:12,4
DA:16,4
DA:17,4
DA:18,4
DA:19,4
DA:20,4
DA:21,4
DA:22,4
DA:26,0
DA:31,4
DA:34,4
DA:35,4
DA:43,4
DA:44,4
DA:45,4
DA:49,4
DA:50,4
DA:51,4
DA:52,4
DA:53,4
DA:54,4
DA:55,4
DA:56,6
DA:59,6
DA:62,4
DA:63,4
DA:64,4
DA:65,4
DA:70,1
LF:35
LH:34
BRDA:21,0,0,4
BRDA:21,0,1,0
BRF:2
BRH:1
end_of_record
TN:
SF:/Users/Sam/project/r2/web_modules/r2-cli/bin/main/script/createRouteFile.js
FN:10,(anonymous_0)
FN:15,(anonymous_1)
FN:31,(anonymous_2)
FN:43,(anonymous_3)
FN:49,(anonymous_4)
FN:59,(anonymous_5)
FNF:6
FNH:6
FNDA:4,(anonymous_0)
FNDA:4,(anonymous_1)
FNDA:4,(anonymous_2)
FNDA:4,(anonymous_3)
FNDA:4,(anonymous_4)
FNDA:14,(anonymous_5)
DA:3,1
DA:4,1
DA:5,1
DA:6,1
DA:7,1
DA:8,1
DA:11,4
DA:12,4
DA:16,4
DA:17,4
DA:18,4
DA:19,4
DA:20,4
DA:21,4
DA:22,4
DA:27,0
DA:32,4
DA:35,4
DA:36,4
DA:44,4
DA:45,4
DA:46,4
DA:50,4
DA:51,4
DA:52,4
DA:53,4
DA:54,4
DA:55,4
DA:57,4
DA:59,4
DA:60,14
DA:61,14
DA:62,4
DA:63,4
DA:66,0
DA:70,10
DA:71,10
DA:73,10
DA:74,0
DA:76,10
DA:77,10
DA:79,4
DA:80,4
DA:82,10
DA:85,10
DA:86,10
DA:88,0
DA:93,4
DA:94,4
DA:96,4
DA:97,4
DA:102,1
LF:52
LH:48
BRDA:21,0,0,4
BRDA:21,0,1,0
BRDA:61,1,0,4
BRDA:61,1,1,10
BRDA:62,2,0,4
BRDA:62,2,1,0
BRDA:73,3,0,0
BRDA:73,3,1,10
BRDA:76,4,0,10
BRDA:76,4,1,0
BRDA:77,5,0,4
BRDA:77,5,1,6
BRF:12
BRH:8
end_of_record
